2013-01-11 18:11:07 Error: Fatal Error (4): syntax error, unexpected T_VARIABLE, expecting T_FUNCTION in [/Users/jccrosby/Documents/projects/presentations/cakephp/code/structure/app/Model/User.php, line 10]
2013-01-11 18:11:07 Error: [FatalErrorException] syntax error, unexpected T_VARIABLE, expecting T_FUNCTION
#0 /Users/jccrosby/Documents/SDKs/cakephp-cakephp-2.2.2/lib/Cake/Error/ErrorHandler.php(162): ErrorHandler::handleFatalError(4, 'syntax error, u...', '/Users/jccrosby...', 10)
#1 [internal function]: ErrorHandler::handleError(4, 'syntax error, u...', '/Users/jccrosby...', 10, Array)
#2 /Users/jccrosby/Documents/SDKs/cakephp-cakephp-2.2.2/lib/Cake/Core/App.php(926): call_user_func('ErrorHandler::h...', 4, 'syntax error, u...', '/Users/jccrosby...', 10, Array)
#3 /Users/jccrosby/Documents/SDKs/cakephp-cakephp-2.2.2/lib/Cake/Core/App.php(899): App::_checkFatalError()
#4 [internal function]: App::shutdown()
#5 {main}
2013-01-11 18:11:08 Error: Fatal Error (4): syntax error, unexpected T_VARIABLE, expecting T_FUNCTION in [/Users/jccrosby/Documents/projects/presentations/cakephp/code/structure/app/Model/User.php, line 10]
2013-01-11 18:11:08 Error: [FatalErrorException] syntax error, unexpected T_VARIABLE, expecting T_FUNCTION
#0 /Users/jccrosby/Documents/SDKs/cakephp-cakephp-2.2.2/lib/Cake/Error/ErrorHandler.php(162): ErrorHandler::handleFatalError(4, 'syntax error, u...', '/Users/jccrosby...', 10)
#1 [internal function]: ErrorHandler::handleError(4, 'syntax error, u...', '/Users/jccrosby...', 10, Array)
#2 /Users/jccrosby/Documents/SDKs/cakephp-cakephp-2.2.2/lib/Cake/Core/App.php(926): call_user_func('ErrorHandler::h...', 4, 'syntax error, u...', '/Users/jccrosby...', 10, Array)
#3 /Users/jccrosby/Documents/SDKs/cakephp-cakephp-2.2.2/lib/Cake/Core/App.php(899): App::_checkFatalError()
#4 [internal function]: App::shutdown()
#5 {main}
2013-01-11 18:12:16 Error: [PDOException] SQLSTATE[42S22]: Column not found: 1054 Unknown column 'VideoSource.name' in 'field list'
#0 /Users/jccrosby/Documents/SDKs/cakephp-cakephp-2.2.2/lib/Cake/Model/Datasource/DboSource.php(461): PDOStatement->execute(Array)
#1 /Users/jccrosby/Documents/SDKs/cakephp-cakephp-2.2.2/lib/Cake/Model/Datasource/DboSource.php(427): DboSource->_execute('SELECT `User`.`...', Array)
#2 /Users/jccrosby/Documents/SDKs/cakephp-cakephp-2.2.2/lib/Cake/Model/Datasource/DboSource.php(671): DboSource->execute('SELECT `User`.`...', Array, Array)
#3 /Users/jccrosby/Documents/SDKs/cakephp-cakephp-2.2.2/lib/Cake/Model/Datasource/DboSource.php(1082): DboSource->fetchAll('SELECT `User`.`...', false)
#4 /Users/jccrosby/Documents/SDKs/cakephp-cakephp-2.2.2/lib/Cake/Model/Model.php(2630): DboSource->read(Object(User), Array)
#5 /Users/jccrosby/Documents/SDKs/cakephp-cakephp-2.2.2/lib/Cake/Controller/Component/PaginatorComponent.php(173): Model->find('all', Array)
#6 /Users/jccrosby/Documents/SDKs/cakephp-cakephp-2.2.2/lib/Cake/Controller/Controller.php(1082): PaginatorComponent->paginate(NULL, Array, Array)
#7 /Users/jccrosby/Documents/projects/presentations/cakephp/code/structure/app/Controller/UsersController.php(17): Controller->paginate()
#8 [internal function]: UsersController->index()
#9 /Users/jccrosby/Documents/SDKs/cakephp-cakephp-2.2.2/lib/Cake/Controller/Controller.php(485): ReflectionMethod->invokeArgs(Object(UsersController), Array)
#10 /Users/jccrosby/Documents/SDKs/cakephp-cakephp-2.2.2/lib/Cake/Routing/Dispatcher.php(186): Controller->invokeAction(Object(CakeRequest))
#11 /Users/jccrosby/Documents/SDKs/cakephp-cakephp-2.2.2/lib/Cake/Routing/Dispatcher.php(161): Dispatcher->_invoke(Object(UsersController), Object(CakeRequest), Object(CakeResponse))
#12 /Users/jccrosby/Documents/projects/presentations/cakephp/code/structure/app/webroot/index.php(97): Dispatcher->dispatch(Object(CakeRequest), Object(CakeResponse))
#13 {main}
2013-01-11 18:15:42 Error: [MissingViewException] View file "/Users/jccrosby/Documents/projects/presentations/cakephp/code/structure/app/View/Users/index.ctp" is missing.
#0 /Users/jccrosby/Documents/SDKs/cakephp-cakephp-2.2.2/lib/Cake/View/View.php(472): View->_getViewFileName(NULL)
#1 /Users/jccrosby/Documents/SDKs/cakephp-cakephp-2.2.2/lib/Cake/Controller/Controller.php(957): View->render(NULL, NULL)
#2 /Users/jccrosby/Documents/SDKs/cakephp-cakephp-2.2.2/lib/Cake/Routing/Dispatcher.php(193): Controller->render()
#3 /Users/jccrosby/Documents/SDKs/cakephp-cakephp-2.2.2/lib/Cake/Routing/Dispatcher.php(161): Dispatcher->_invoke(Object(UsersController), Object(CakeRequest), Object(CakeResponse))
#4 /Users/jccrosby/Documents/projects/presentations/cakephp/code/structure/app/webroot/index.php(97): Dispatcher->dispatch(Object(CakeRequest), Object(CakeResponse))
#5 {main}
2013-01-11 18:16:02 Error: [MissingViewException] View file "/Users/jccrosby/Documents/projects/presentations/cakephp/code/structure/app/View/Users/index.ctp" is missing.
#0 /Users/jccrosby/Documents/SDKs/cakephp-cakephp-2.2.2/lib/Cake/View/View.php(472): View->_getViewFileName(NULL)
#1 /Users/jccrosby/Documents/SDKs/cakephp-cakephp-2.2.2/lib/Cake/Controller/Controller.php(957): View->render(NULL, NULL)
#2 /Users/jccrosby/Documents/SDKs/cakephp-cakephp-2.2.2/lib/Cake/Routing/Dispatcher.php(193): Controller->render()
#3 /Users/jccrosby/Documents/SDKs/cakephp-cakephp-2.2.2/lib/Cake/Routing/Dispatcher.php(161): Dispatcher->_invoke(Object(UsersController), Object(CakeRequest), Object(CakeResponse))
#4 /Users/jccrosby/Documents/projects/presentations/cakephp/code/structure/app/webroot/index.php(97): Dispatcher->dispatch(Object(CakeRequest), Object(CakeResponse))
#5 {main}
2013-01-11 18:16:15 Error: [MissingViewException] View file "/Users/jccrosby/Documents/projects/presentations/cakephp/code/structure/app/View/Users/index.ctp" is missing.
#0 /Users/jccrosby/Documents/SDKs/cakephp-cakephp-2.2.2/lib/Cake/View/View.php(472): View->_getViewFileName(NULL)
#1 /Users/jccrosby/Documents/SDKs/cakephp-cakephp-2.2.2/lib/Cake/Controller/Controller.php(957): View->render(NULL, NULL)
#2 /Users/jccrosby/Documents/SDKs/cakephp-cakephp-2.2.2/lib/Cake/Routing/Dispatcher.php(193): Controller->render()
#3 /Users/jccrosby/Documents/SDKs/cakephp-cakephp-2.2.2/lib/Cake/Routing/Dispatcher.php(161): Dispatcher->_invoke(Object(UsersController), Object(CakeRequest), Object(CakeResponse))
#4 /Users/jccrosby/Documents/projects/presentations/cakephp/code/structure/app/webroot/index.php(97): Dispatcher->dispatch(Object(CakeRequest), Object(CakeResponse))
#5 {main}
2013-01-11 18:16:34 Error: [MissingViewException] View file "/Users/jccrosby/Documents/projects/presentations/cakephp/code/structure/app/View/Users/index.ctp" is missing.
#0 /Users/jccrosby/Documents/SDKs/cakephp-cakephp-2.2.2/lib/Cake/View/View.php(472): View->_getViewFileName(NULL)
#1 /Users/jccrosby/Documents/SDKs/cakephp-cakephp-2.2.2/lib/Cake/Controller/Controller.php(957): View->render(NULL, NULL)
#2 /Users/jccrosby/Documents/SDKs/cakephp-cakephp-2.2.2/lib/Cake/Routing/Dispatcher.php(193): Controller->render()
#3 /Users/jccrosby/Documents/SDKs/cakephp-cakephp-2.2.2/lib/Cake/Routing/Dispatcher.php(161): Dispatcher->_invoke(Object(UsersController), Object(CakeRequest), Object(CakeResponse))
#4 /Users/jccrosby/Documents/projects/presentations/cakephp/code/structure/app/webroot/index.php(97): Dispatcher->dispatch(Object(CakeRequest), Object(CakeResponse))
#5 {main}
2013-01-11 18:18:29 Error: [MissingViewException] View file "/Users/jccrosby/Documents/projects/presentations/cakephp/code/structure/app/View/Users/index.ctp" is missing.
#0 /Users/jccrosby/Documents/SDKs/cakephp-cakephp-2.2.2/lib/Cake/View/View.php(472): View->_getViewFileName(NULL)
#1 /Users/jccrosby/Documents/SDKs/cakephp-cakephp-2.2.2/lib/Cake/Controller/Controller.php(957): View->render(NULL, NULL)
#2 /Users/jccrosby/Documents/SDKs/cakephp-cakephp-2.2.2/lib/Cake/Routing/Dispatcher.php(193): Controller->render()
#3 /Users/jccrosby/Documents/SDKs/cakephp-cakephp-2.2.2/lib/Cake/Routing/Dispatcher.php(161): Dispatcher->_invoke(Object(UsersController), Object(CakeRequest), Object(CakeResponse))
#4 /Users/jccrosby/Documents/projects/presentations/cakephp/code/structure/app/webroot/index.php(97): Dispatcher->dispatch(Object(CakeRequest), Object(CakeResponse))
#5 {main}
2013-01-11 18:18:34 Error: [MissingActionException] Action Users::show() could not be found.
#0 /Users/jccrosby/Documents/SDKs/cakephp-cakephp-2.2.2/lib/Cake/Controller/Scaffold.php(151): Scaffold->_scaffold(Object(CakeRequest))
#1 /Users/jccrosby/Documents/SDKs/cakephp-cakephp-2.2.2/lib/Cake/Controller/Controller.php(530): Scaffold->__construct(Object(UsersController), Object(CakeRequest))
#2 /Users/jccrosby/Documents/SDKs/cakephp-cakephp-2.2.2/lib/Cake/Controller/Controller.php(489): Controller->_getScaffold(Object(CakeRequest))
#3 /Users/jccrosby/Documents/SDKs/cakephp-cakephp-2.2.2/lib/Cake/Routing/Dispatcher.php(186): Controller->invokeAction(Object(CakeRequest))
#4 /Users/jccrosby/Documents/SDKs/cakephp-cakephp-2.2.2/lib/Cake/Routing/Dispatcher.php(161): Dispatcher->_invoke(Object(UsersController), Object(CakeRequest), Object(CakeResponse))
#5 /Users/jccrosby/Documents/projects/presentations/cakephp/code/structure/app/webroot/index.php(97): Dispatcher->dispatch(Object(CakeRequest), Object(CakeResponse))
#6 {main}
2013-01-11 18:19:13 Error: [MissingViewException] View file "/Users/jccrosby/Documents/projects/presentations/cakephp/code/structure/app/View/Users/index.ctp" is missing.
#0 /Users/jccrosby/Documents/SDKs/cakephp-cakephp-2.2.2/lib/Cake/View/View.php(472): View->_getViewFileName(NULL)
#1 /Users/jccrosby/Documents/SDKs/cakephp-cakephp-2.2.2/lib/Cake/Controller/Controller.php(957): View->render(NULL, NULL)
#2 /Users/jccrosby/Documents/SDKs/cakephp-cakephp-2.2.2/lib/Cake/Routing/Dispatcher.php(193): Controller->render()
#3 /Users/jccrosby/Documents/SDKs/cakephp-cakephp-2.2.2/lib/Cake/Routing/Dispatcher.php(161): Dispatcher->_invoke(Object(UsersController), Object(CakeRequest), Object(CakeResponse))
#4 /Users/jccrosby/Documents/projects/presentations/cakephp/code/structure/app/webroot/index.php(97): Dispatcher->dispatch(Object(CakeRequest), Object(CakeResponse))
#5 {main}
2013-01-11 21:16:49 Error: [MissingViewException] View file "/Users/jccrosby/Documents/projects/presentations/cakephp/code/structure/app/View/Users/index.ctp" is missing.
#0 /Users/jccrosby/Documents/SDKs/cakephp-cakephp-2.2.2/lib/Cake/View/View.php(472): View->_getViewFileName(NULL)
#1 /Users/jccrosby/Documents/SDKs/cakephp-cakephp-2.2.2/lib/Cake/Controller/Controller.php(957): View->render(NULL, NULL)
#2 /Users/jccrosby/Documents/SDKs/cakephp-cakephp-2.2.2/lib/Cake/Routing/Dispatcher.php(193): Controller->render()
#3 /Users/jccrosby/Documents/SDKs/cakephp-cakephp-2.2.2/lib/Cake/Routing/Dispatcher.php(161): Dispatcher->_invoke(Object(UsersController), Object(CakeRequest), Object(CakeResponse))
#4 /Users/jccrosby/Documents/projects/presentations/cakephp/code/structure/app/webroot/index.php(97): Dispatcher->dispatch(Object(CakeRequest), Object(CakeResponse))
#5 {main}
2013-01-11 21:17:01 Error: [MissingActionException] Action UsersController::index() could not be found.
#0 /Users/jccrosby/Documents/SDKs/cakephp-cakephp-2.2.2/lib/Cake/Routing/Dispatcher.php(186): Controller->invokeAction(Object(CakeRequest))
#1 /Users/jccrosby/Documents/SDKs/cakephp-cakephp-2.2.2/lib/Cake/Routing/Dispatcher.php(161): Dispatcher->_invoke(Object(UsersController), Object(CakeRequest), Object(CakeResponse))
#2 /Users/jccrosby/Documents/projects/presentations/cakephp/code/structure/app/webroot/index.php(97): Dispatcher->dispatch(Object(CakeRequest), Object(CakeResponse))
#3 {main}
2013-01-11 21:19:48 Error: [MissingViewException] View file "/Users/jccrosby/Documents/projects/presentations/cakephp/code/structure/app/View/Users/index.ctp" is missing.
#0 /Users/jccrosby/Documents/SDKs/cakephp-cakephp-2.2.2/lib/Cake/View/View.php(472): View->_getViewFileName(NULL)
#1 /Users/jccrosby/Documents/SDKs/cakephp-cakephp-2.2.2/lib/Cake/Controller/Controller.php(957): View->render(NULL, NULL)
#2 /Users/jccrosby/Documents/SDKs/cakephp-cakephp-2.2.2/lib/Cake/Routing/Dispatcher.php(193): Controller->render()
#3 /Users/jccrosby/Documents/SDKs/cakephp-cakephp-2.2.2/lib/Cake/Routing/Dispatcher.php(161): Dispatcher->_invoke(Object(UsersController), Object(CakeRequest), Object(CakeResponse))
#4 /Users/jccrosby/Documents/projects/presentations/cakephp/code/structure/app/webroot/index.php(97): Dispatcher->dispatch(Object(CakeRequest), Object(CakeResponse))
#5 {main}
2013-01-11 21:20:05 Error: [MissingViewException] View file "/Users/jccrosby/Documents/projects/presentations/cakephp/code/structure/app/View/Users/index.ctp" is missing.
#0 /Users/jccrosby/Documents/SDKs/cakephp-cakephp-2.2.2/lib/Cake/View/View.php(472): View->_getViewFileName(NULL)
#1 /Users/jccrosby/Documents/SDKs/cakephp-cakephp-2.2.2/lib/Cake/Controller/Controller.php(957): View->render(NULL, NULL)
#2 /Users/jccrosby/Documents/SDKs/cakephp-cakephp-2.2.2/lib/Cake/Routing/Dispatcher.php(193): Controller->render()
#3 /Users/jccrosby/Documents/SDKs/cakephp-cakephp-2.2.2/lib/Cake/Routing/Dispatcher.php(161): Dispatcher->_invoke(Object(UsersController), Object(CakeRequest), Object(CakeResponse))
#4 /Users/jccrosby/Documents/projects/presentations/cakephp/code/structure/app/webroot/index.php(97): Dispatcher->dispatch(Object(CakeRequest), Object(CakeResponse))
#5 {main}
2013-01-11 21:30:17 Error: [PDOException] SQLSTATE[42S22]: Column not found: 1054 Unknown column 'User.firstName' in 'field list'
#0 /Users/jccrosby/Documents/SDKs/cakephp-cakephp-2.2.2/lib/Cake/Model/Datasource/DboSource.php(461): PDOStatement->execute(Array)
#1 /Users/jccrosby/Documents/SDKs/cakephp-cakephp-2.2.2/lib/Cake/Model/Datasource/DboSource.php(427): DboSource->_execute('SELECT `User`.`...', Array)
#2 /Users/jccrosby/Documents/SDKs/cakephp-cakephp-2.2.2/lib/Cake/Model/Datasource/DboSource.php(671): DboSource->execute('SELECT `User`.`...', Array, Array)
#3 /Users/jccrosby/Documents/SDKs/cakephp-cakephp-2.2.2/lib/Cake/Model/Datasource/DboSource.php(1082): DboSource->fetchAll('SELECT `User`.`...', false)
#4 /Users/jccrosby/Documents/SDKs/cakephp-cakephp-2.2.2/lib/Cake/Model/Model.php(2630): DboSource->read(Object(User), Array)
#5 /Users/jccrosby/Documents/projects/presentations/cakephp/code/structure/app/Controller/ShotsController.php(50): Model->find('list')
#6 [internal function]: ShotsController->add()
#7 /Users/jccrosby/Documents/SDKs/cakephp-cakephp-2.2.2/lib/Cake/Controller/Controller.php(485): ReflectionMethod->invokeArgs(Object(ShotsController), Array)
#8 /Users/jccrosby/Documents/SDKs/cakephp-cakephp-2.2.2/lib/Cake/Routing/Dispatcher.php(186): Controller->invokeAction(Object(CakeRequest))
#9 /Users/jccrosby/Documents/SDKs/cakephp-cakephp-2.2.2/lib/Cake/Routing/Dispatcher.php(161): Dispatcher->_invoke(Object(ShotsController), Object(CakeRequest), Object(CakeResponse))
#10 /Users/jccrosby/Documents/projects/presentations/cakephp/code/structure/app/webroot/index.php(97): Dispatcher->dispatch(Object(CakeRequest), Object(CakeResponse))
#11 {main}
2013-01-11 21:35:01 Error: [MissingLayoutException] Layout file "/Users/jccrosby/Documents/projects/presentations/cakephp/code/structure/app/View/Layouts/json/default.ctp" is missing.
#0 /Users/jccrosby/Documents/SDKs/cakephp-cakephp-2.2.2/lib/Cake/View/View.php(513): View->_getLayoutFileName('default')
#1 /Users/jccrosby/Documents/SDKs/cakephp-cakephp-2.2.2/lib/Cake/View/View.php(483): View->renderLayout('', 'default')
#2 /Users/jccrosby/Documents/SDKs/cakephp-cakephp-2.2.2/lib/Cake/Controller/Controller.php(957): View->render('index', 'default')
#3 /Users/jccrosby/Documents/SDKs/cakephp-cakephp-2.2.2/lib/Cake/Controller/Scaffold.php(192): Controller->render('index', 'default')
#4 /Users/jccrosby/Documents/SDKs/cakephp-cakephp-2.2.2/lib/Cake/Controller/Scaffold.php(388): Scaffold->_scaffoldIndex(Object(CakeRequest))
#5 /Users/jccrosby/Documents/SDKs/cakephp-cakephp-2.2.2/lib/Cake/Controller/Scaffold.php(151): Scaffold->_scaffold(Object(CakeRequest))
#6 /Users/jccrosby/Documents/SDKs/cakephp-cakephp-2.2.2/lib/Cake/Controller/Controller.php(530): Scaffold->__construct(Object(UsersController), Object(CakeRequest))
#7 /Users/jccrosby/Documents/SDKs/cakephp-cakephp-2.2.2/lib/Cake/Controller/Controller.php(489): Controller->_getScaffold(Object(CakeRequest))
#8 /Users/jccrosby/Documents/SDKs/cakephp-cakephp-2.2.2/lib/Cake/Routing/Dispatcher.php(186): Controller->invokeAction(Object(CakeRequest))
#9 /Users/jccrosby/Documents/SDKs/cakephp-cakephp-2.2.2/lib/Cake/Routing/Dispatcher.php(161): Dispatcher->_invoke(Object(UsersController), Object(CakeRequest), Object(CakeResponse))
#10 /Users/jccrosby/Documents/projects/presentations/cakephp/code/structure/app/webroot/index.php(97): Dispatcher->dispatch(Object(CakeRequest), Object(CakeResponse))
#11 {main}
